[2023-06-07 20:04:52,352: INFO: main: Welcome to my custom log]
[2023-06-10 16:01:47,744: INFO: common: yaml file: config\config.yaml loaded successfully]
[2023-06-10 16:01:47,757: INFO: common: yaml file: params.yaml loaded successfully]
[2023-06-10 16:01:47,759: INFO: common: created directory at: artifacts]
[2023-06-10 16:01:47,761: INFO: common: created directory at: artifacts/data_ingestion]
[2023-06-10 16:01:51,537: INFO: 4037744573: artifacts/data_ingestion/data.zip download! with following info: 
Connection: close
Content-Length: 24130535
Cache-Control: max-age=300
Content-Security-Policy: default-src 'none'; style-src 'unsafe-inline'; sandbox
Content-Type: application/zip
ETag: "ac3ad32f2ae13a08a8016cbf26e7cc97db0f9ad501d9ae42cf7639ae88badccb"
Strict-Transport-Security: max-age=31536000
X-Content-Type-Options: nosniff
X-Frame-Options: deny
X-XSS-Protection: 1; mode=block
X-GitHub-Request-Id: 866E:2871:9B8448:B2ACC3:64841FDC
Accept-Ranges: bytes
Date: Sat, 10 Jun 2023 07:01:49 GMT
Via: 1.1 varnish
X-Served-By: cache-itm18839-ITM
X-Cache: MISS
X-Cache-Hits: 0
X-Timer: S1686380508.360074,VS0,VE1174
Vary: Authorization,Accept-Encoding,Origin
Access-Control-Allow-Origin: *
Cross-Origin-Resource-Policy: cross-origin
X-Fastly-Request-ID: acc1eb93c1c8651fc34fcf010bf77deaabcad3e3
Expires: Sat, 10 Jun 2023 07:06:49 GMT
Source-Age: 1

]
